<?xml version="1.0" encoding="UTF-8"?>
<!-- Generated by org.testng.reporters.JUnitReportReporter -->
<testsuite skipped="0" hostname="DESKTOP-6NI868R" name="Google.freeCRM" tests="1" failures="0" timestamp="22 Feb 2020 17:43:45 GMT" time="8.513" errors="0">
  <testcase name="loginTest" time="8.513" classname="Google.freeCRM"/>
</testsuite> <!-- Google.freeCRM -->
