<?xml version="1.0" encoding="UTF-8"?>
<!-- Generated by org.testng.reporters.JUnitReportReporter -->
<testsuite skipped="0" hostname="DESKTOP-6NI868R" name="Google.GoogleSearch" tests="2" failures="0" timestamp="12 Feb 2020 17:14:32 GMT" time="30.339" errors="0">
  <testcase name="TitleTest" time="17.235" classname="Google.GoogleSearch"/>
  <testcase name="TitleTest2" time="13.104" classname="Google.GoogleSearch"/>
</testsuite> <!-- Google.GoogleSearch -->
