<?xml version="1.0" encoding="UTF-8"?>
<!-- Generated by org.testng.reporters.JUnitReportReporter -->
<testsuite skipped="0" hostname="DESKTOP-6NI868R" name="Google.GoogleSearch" tests="2" failures="0" timestamp="22 Feb 2020 17:40:14 GMT" time="31.580" errors="0">
  <testcase name="TitleTest" time="14.447" classname="Google.GoogleSearch"/>
  <testcase name="TitleTest2" time="17.133" classname="Google.GoogleSearch"/>
</testsuite> <!-- Google.GoogleSearch -->
