<?xml version="1.0" encoding="UTF-8"?>
<!-- Generated by org.testng.reporters.JUnitReportReporter -->
<testsuite skipped="0" hostname="DESKTOP-6NI868R" name="Google.GoogleSearch" tests="2" failures="0" timestamp="25 Oct 2019 13:03:47 GMT" time="28.795" errors="0">
  <testcase name="TitleTest" time="15.230" classname="Google.GoogleSearch"/>
  <testcase name="TitleTest2" time="13.565" classname="Google.GoogleSearch"/>
</testsuite> <!-- Google.GoogleSearch -->
