<?xml version="1.0" encoding="UTF-8"?>
<!-- Generated by org.testng.reporters.JUnitReportReporter -->
<testsuite skipped="0" hostname="DESKTOP-6NI868R" name="Google.GoogleSearch" tests="3" failures="0" timestamp="12 Sep 2019 13:32:47 GMT" time="12.619" errors="0">
  <testcase name="LaunchURL" time="10.376" classname="Google.GoogleSearch"/>
  <testcase name="TitleTest" time="0.031" classname="Google.GoogleSearch"/>
  <testcase name="TitleTest2" time="2.212" classname="Google.GoogleSearch"/>
</testsuite> <!-- Google.GoogleSearch -->
