<?xml version="1.0" encoding="UTF-8"?>
<!-- Generated by org.testng.reporters.JUnitReportReporter -->
<testsuite hostname="DESKTOP-6NI868R" failures="0" tests="2" name="Google.GoogleSearch" time="32.143" errors="0" timestamp="25 Oct 2019 12:54:21 GMT" skipped="0">
  <testcase classname="Google.GoogleSearch" name="TitleTest" time="18.237"/>
  <testcase classname="Google.GoogleSearch" name="TitleTest2" time="13.906"/>
</testsuite> <!-- Google.GoogleSearch -->
